Using pre-set license
Built from '2020.3/staging' branch; Version is '2020.3.18f1 (a7d1c678663c) revision 10998214'; Using compiler version '192528614'; Build Type 'Release'
OS: 'Windows 10 Home; OS build 19045.2251; Version 2009; 64bit' Language: 'en' Physical Memory: 15792 MB
BatchMode: 1, IsHumanControllingUs: 0, StartBugReporterOnCrash: 0, Is64bit: 1, IsPro: 0

COMMAND LINE ARGUMENTS:
C:\Program Files\Unity\Hub\Editor\2020.3.18f1\Editor\Unity.exe
-adb2
-batchMode
-noUpm
-name
AssetImportWorker0
-projectPath
C:/Users/ldryo/Documents/GitHub/NatureVr/NatureVRFiles
-logFile
Logs/AssetImportWorker0.log
-srvPort
50625
Successfully changed project path to: C:/Users/ldryo/Documents/GitHub/NatureVr/NatureVRFiles
C:/Users/ldryo/Documents/GitHub/NatureVr/NatureVRFiles
Using Asset Import Pipeline V2.
Refreshing native plugins compatible for Editor in 47.11 ms, found 11 plugins.
Preloading 2 native plugins for Editor in 1.56 ms.
Initialize engine version: 2020.3.18f1 (a7d1c678663c)
[Subsystems] Discovering subsystems at path C:/Program Files/Unity/Hub/Editor/2020.3.18f1/Editor/Data/Resources/UnitySubsystems
[Subsystems] Discovering subsystems at path C:/Users/ldryo/Documents/GitHub/NatureVr/NatureVRFiles/Assets
GfxDevice: creating device client; threaded=0
Direct3D:
    Version:  Direct3D 11.0 [level 11.1]
    Renderer: NVIDIA GeForce RTX 3060 Laptop GPU (ID=0x2520)
    Vendor:   
    VRAM:     6023 MB
    Driver:   30.0.15.1278
Initialize mono
Mono path[0] = 'C:/Program Files/Unity/Hub/Editor/2020.3.18f1/Editor/Data/Managed'
Mono path[1] = 'C:/Program Files/Unity/Hub/Editor/2020.3.18f1/Editor/Data/MonoBleedingEdge/lib/mono/unityjit'
Mono config path = 'C:/Program Files/Unity/Hub/Editor/2020.3.18f1/Editor/Data/MonoBleedingEdge/etc'
Using monoOptions --debugger-agent=transport=dt_socket,embedding=1,server=y,suspend=n,address=127.0.0.1:56020
Begin MonoManager ReloadAssembly
Registering precompiled unity dll's ...
Register platform support module: C:/Program Files/Unity/Hub/Editor/2020.3.18f1/Editor/Data/PlaybackEngines/WindowsStandaloneSupport/UnityEditor.WindowsStandalone.Extensions.dll
Registered in 0.001622 seconds.
Native extension for WindowsStandalone target not found
Refreshing native plugins compatible for Editor in 34.68 ms, found 11 plugins.
Preloading 2 native plugins for Editor in 0.12 ms.
Mono: successfully reloaded assembly
- Completed reload, in  1.596 seconds
Domain Reload Profiling:
	ReloadAssembly (1596ms)
		BeginReloadAssembly (44ms)
			ExecutionOrderSort (0ms)
			DisableScriptedObjects (0ms)
			BackupInstance (0ms)
			ReleaseScriptingObjects (0ms)
			CreateAndSetChildDomain (1ms)
		EndReloadAssembly (327ms)
			LoadAssemblies (42ms)
			RebuildTransferFunctionScriptingTraits (0ms)
			SetupTypeCache (114ms)
			ReleaseScriptCaches (0ms)
			RebuildScriptCaches (19ms)
			SetupLoadedEditorAssemblies (133ms)
				LogAssemblyErrors (0ms)
				InitializePlatformSupportModulesInManaged (3ms)
				SetLoadedEditorAssemblies (0ms)
				RefreshPlugins (35ms)
				BeforeProcessingInitializeOnLoad (10ms)
				ProcessInitializeOnLoadAttributes (62ms)
				ProcessInitializeOnLoadMethodAttributes (22ms)
				AfterProcessingInitializeOnLoad (0ms)
				EditorAssembliesLoaded (0ms)
			ExecutionOrderSort2 (0ms)
			AwakeInstancesAfterBackupRestoration (0ms)
Platform modules already initialized, skipping
Registering precompiled user dll's ...
Registered in 0.006409 seconds.
Begin MonoManager ReloadAssembly
Native extension for WindowsStandalone target not found
Refreshing native plugins compatible for Editor in 0.71 ms, found 11 plugins.
Preloading 2 native plugins for Editor in 0.15 ms.
[XR] OculusXRPlugin: registering subsystems
[XR] Unable to register display lifecyle provider: [1]
[XR] Oculus Input lifecycle provider registered.
[XR] Unable to register input lifecyle provider: [1]
System.Reflection.TargetInvocationException: Exception has been thrown by the target of an invocation. ---> System.NullReferenceException: Object reference not set to an instance of an object
  at Unity.XR.Oculus.OculusLoader.AssetPathToAbsolutePath (System.String assetPath) [0x00048] in C:\Users\ahg95\OneDrive\Dokumente\Year 4\Future Design\NatureVr\NatureVRFiles\Library\PackageCache\com.unity.xr.oculus@1.10.0\Runtime\OculusLoader.cs:250 
  at Unity.XR.Oculus.OculusLoader.EditorLoadOVRPlugin () [0x0007b] in C:\Users\ahg95\OneDrive\Dokumente\Year 4\Future Design\NatureVr\NatureVRFiles\Library\PackageCache\com.unity.xr.oculus@1.10.0\Runtime\OculusLoader.cs:235 
  at (wrapper managed-to-native) System.Reflection.MonoMethod.InternalInvoke(System.Reflection.MonoMethod,object,object[],System.Exception&)
  at System.Reflection.MonoMethod.Invoke (System.Object obj, System.Reflection.BindingFlags invokeAttr, System.Reflection.Binder binder, System.Object[] parameters, System.Globalization.CultureInfo culture) [0x00032] in <695d1cc93cca45069c528c15c9fdd749>:0 
   --- End of inner exception stack trace ---
  at System.Reflection.MonoMethod.Invoke (System.Object obj, System.Reflection.BindingFlags invokeAttr, System.Reflection.Binder binder, System.Object[] parameters, System.Globalization.CultureInfo culture) [0x00048] in <695d1cc93cca45069c528c15c9fdd749>:0 
  at System.Reflection.MethodBase.Invoke (System.Object obj, System.Object[] parameters) [0x00000] in <695d1cc93cca45069c528c15c9fdd749>:0 
  at UnityEditor.EditorAssemblies.ProcessInitializeOnLoadMethodAttributes () [0x00047] in <5ad584e208e14caaa9e6b2e6027e9204>:0 
UnityEngine.StackTraceUtility:ExtractStackTrace ()
UnityEngine.DebugLogHandler:LogFormat (UnityEngine.LogType,UnityEngine.Object,string,object[])
UnityEngine.Logger:Log (UnityEngine.LogType,object)
UnityEngine.Debug:LogError (object)
UnityEditor.EditorAssemblies:ProcessInitializeOnLoadMethodAttributes ()

Mono: successfully reloaded assembly
- Completed reload, in  0.948 seconds
Domain Reload Profiling:
	ReloadAssembly (949ms)
		BeginReloadAssembly (121ms)
			ExecutionOrderSort (0ms)
			DisableScriptedObjects (3ms)
			BackupInstance (0ms)
			ReleaseScriptingObjects (0ms)
			CreateAndSetChildDomain (21ms)
		EndReloadAssembly (774ms)
			LoadAssemblies (87ms)
			RebuildTransferFunctionScriptingTraits (0ms)
			SetupTypeCache (291ms)
			ReleaseScriptCaches (1ms)
			RebuildScriptCaches (42ms)
			SetupLoadedEditorAssemblies (285ms)
				LogAssemblyErrors (0ms)
				InitializePlatformSupportModulesInManaged (4ms)
				SetLoadedEditorAssemblies (0ms)
				RefreshPlugins (1ms)
				BeforeProcessingInitializeOnLoad (77ms)
				ProcessInitializeOnLoadAttributes (184ms)
				ProcessInitializeOnLoadMethodAttributes (12ms)
				AfterProcessingInitializeOnLoad (6ms)
				EditorAssembliesLoaded (0ms)
			ExecutionOrderSort2 (0ms)
			AwakeInstancesAfterBackupRestoration (5ms)
Platform modules already initialized, skipping
========================================================================
Worker process is ready to serve import requests
Launched and connected shader compiler UnityShaderCompiler.exe after 0.04 seconds
Refreshing native plugins compatible for Editor in 0.57 ms, found 11 plugins.
Preloading 2 native plugins for Editor in 0.14 ms.
Unloading 1875 Unused Serialized files (Serialized files now loaded: 0)
System memory in use before: 92.2 MB.
System memory in use after: 92.3 MB.

Unloading 20 unused Assets to reduce memory usage. Loaded Objects now: 2322.
Total: 2.927900 ms (FindLiveObjects: 0.239900 ms CreateObjectMapping: 0.050600 ms MarkObjects: 2.563400 ms  DeleteObjects: 0.073300 ms)

AssetImportParameters requested are different than current active one (requested -> active):
  custom:framework-win-MediaFoundation: 216162199b28c13a410421893ffa2e32 -> 
  custom:video-decoder-ogg-theora: a1e56fd34408186e4bbccfd4996cb3dc -> 
  custom:container-muxer-webm: aa71ff27fc2769a1b78a27578f13a17b -> 
  custom:container-demuxer-webm: 4f35f7cbe854078d1ac9338744f61a02 -> 
  custom:container-demuxer-ogg: 62fdf1f143b41e24485cea50d1cbac27 -> 
  custom:video-encoder-webm-vp8: eb34c28f22e8b96e1ab97ce403110664 -> 
  custom:video-decoder-webm-vp8: 9c59270c3fd7afecdb556c50c9e8de78 -> 
  custom:audio-decoder-ogg-vorbis: bf7c407c2cedff20999df2af8eb42d56 -> 
  custom:audio-encoder-webm-vorbis: bf7c407c2cedff20999df2af8eb42d56 -> 
========================================================================
Received Import Request.
  path: Assets/Skybox.mat
  artifactKey: Guid(9da9c7309389875468d23e7448b3d8a5) Importer(815301076,1909f56bfc062723c751e8b465ee728b)
Start importing Assets/Skybox.mat using Guid(9da9c7309389875468d23e7448b3d8a5) Importer(815301076,1909f56bfc062723c751e8b465ee728b)  -> (artifact id: '63af52e613ce5ef9f34b5d5129c3934d') in 0.123078 seconds 
  Import took 0.125680 seconds .

========================================================================
Received Import Request.
  Time since last request: 0.000154 seconds.
  path: Assets/New Terrain.asset
  artifactKey: Guid(25ef4c6d6af219f418e2e2cc8d2fff4e) Importer(815301076,1909f56bfc062723c751e8b465ee728b)
Start importing Assets/New Terrain.asset using Guid(25ef4c6d6af219f418e2e2cc8d2fff4e) Importer(815301076,1909f56bfc062723c751e8b465ee728b)  -> (artifact id: '3fd63ad44854dc308de7dfe139560493') in 0.026891 seconds 
  Import took 0.030117 seconds .

========================================================================
Received Import Request.
  Time since last request: 0.000161 seconds.
  path: Assets/TexturesCom_FaroerBayA_M.jpg
  artifactKey: Guid(090e69c10e7aee147a49d9f9e41183fe) Importer(815301076,1909f56bfc062723c751e8b465ee728b)
Start importing Assets/TexturesCom_FaroerBayA_M.jpg using Guid(090e69c10e7aee147a49d9f9e41183fe) Importer(815301076,1909f56bfc062723c751e8b465ee728b)  -> (artifact id: '53ca8588a2bcdf0f7e5c773403f6d0f0') in 0.053871 seconds 
  Import took 0.056466 seconds .

========================================================================
Received Prepare
Refreshing native plugins compatible for Editor in 3.11 ms, found 11 plugins.
Preloading 2 native plugins for Editor in 0.12 ms.
Unloading 12 Unused Serialized files (Serialized files now loaded: 0)
System memory in use before: 58.5 MB.
System memory in use after: 58.6 MB.

Unloading 12 unused Assets to reduce memory usage. Loaded Objects now: 2365.
Total: 3.063200 ms (FindLiveObjects: 0.188900 ms CreateObjectMapping: 0.040200 ms MarkObjects: 2.790300 ms  DeleteObjects: 0.043100 ms)

AssetImportParameters requested are different than current active one (requested -> active):
  custom:framework-win-MediaFoundation: 216162199b28c13a410421893ffa2e32 -> 
  custom:video-decoder-ogg-theora: a1e56fd34408186e4bbccfd4996cb3dc -> 
  custom:container-muxer-webm: aa71ff27fc2769a1b78a27578f13a17b -> 
  custom:container-demuxer-webm: 4f35f7cbe854078d1ac9338744f61a02 -> 
  custom:container-demuxer-ogg: 62fdf1f143b41e24485cea50d1cbac27 -> 
  custom:video-encoder-webm-vp8: eb34c28f22e8b96e1ab97ce403110664 -> 
  custom:video-decoder-webm-vp8: 9c59270c3fd7afecdb556c50c9e8de78 -> 
  custom:audio-decoder-ogg-vorbis: bf7c407c2cedff20999df2af8eb42d56 -> 
  custom:audio-encoder-webm-vorbis: bf7c407c2cedff20999df2af8eb42d56 -> 
========================================================================
Received Import Request.
  Time since last request: 2177.713003 seconds.
  path: Assets/Materials/Bark1.mat
  artifactKey: Guid(279644619eb64be40afd98cf4128369c) Importer(815301076,1909f56bfc062723c751e8b465ee728b)
Start importing Assets/Materials/Bark1.mat using Guid(279644619eb64be40afd98cf4128369c) Importer(815301076,1909f56bfc062723c751e8b465ee728b)  -> (artifact id: '15ca72ee75b53cc4923ecd5c24f716f2') in 0.116477 seconds 
  Import took 0.119960 seconds .

========================================================================
Received Import Request.
  Time since last request: 0.000163 seconds.
  path: Assets/Materials/Moss1.mat
  artifactKey: Guid(5c2ec931591232642b5e3075a9c89b52) Importer(815301076,1909f56bfc062723c751e8b465ee728b)
Start importing Assets/Materials/Moss1.mat using Guid(5c2ec931591232642b5e3075a9c89b52) Importer(815301076,1909f56bfc062723c751e8b465ee728b)  -> (artifact id: '0101009916b799b571949461efe14d43') in 0.032643 seconds 
  Import took 0.035197 seconds .

========================================================================
Received Import Request.
  Time since last request: 0.000153 seconds.
  path: Assets/Materials/NewLayer 1.terrainlayer
  artifactKey: Guid(1c67ec3feb4a13b41b3d41ae089fa34b) Importer(815301076,1909f56bfc062723c751e8b465ee728b)
Start importing Assets/Materials/NewLayer 1.terrainlayer using Guid(1c67ec3feb4a13b41b3d41ae089fa34b) Importer(815301076,1909f56bfc062723c751e8b465ee728b)  -> (artifact id: 'df7e69a96169455678c1d5d0b963e507') in 0.032355 seconds 
  Import took 0.035053 seconds .

========================================================================
Received Import Request.
  Time since last request: 0.000208 seconds.
  path: Assets/Materials/ForestFloor1.mat
  artifactKey: Guid(ae35d71caf646964fb4b887c2244fdeb) Importer(815301076,1909f56bfc062723c751e8b465ee728b)
Start importing Assets/Materials/ForestFloor1.mat using Guid(ae35d71caf646964fb4b887c2244fdeb) Importer(815301076,1909f56bfc062723c751e8b465ee728b)  -> (artifact id: '9aa29f933992b507ea607c606a088952') in 0.073615 seconds 
  Import took 0.076104 seconds .

========================================================================
Received Import Request.
  Time since last request: 0.000159 seconds.
  path: Assets/Materials/Leaves1.mat
  artifactKey: Guid(72dbb8bbff8652445836630fb468a0c1) Importer(815301076,1909f56bfc062723c751e8b465ee728b)
Start importing Assets/Materials/Leaves1.mat using Guid(72dbb8bbff8652445836630fb468a0c1) Importer(815301076,1909f56bfc062723c751e8b465ee728b)  -> (artifact id: 'bbb056acee1bc8c90dd32095b69a6bbb') in 0.079217 seconds 
  Import took 0.081746 seconds .

========================================================================
Received Import Request.
  Time since last request: 0.000180 seconds.
  path: Assets/Materials/NewLayer.terrainlayer
  artifactKey: Guid(069d93ef36592254b8fc862f8bc45c2d) Importer(815301076,1909f56bfc062723c751e8b465ee728b)
Start importing Assets/Materials/NewLayer.terrainlayer using Guid(069d93ef36592254b8fc862f8bc45c2d) Importer(815301076,1909f56bfc062723c751e8b465ee728b)  -> (artifact id: '963184a97fce6496241b13878ac15435') in 0.039013 seconds 
  Import took 0.041744 seconds .

========================================================================
Received Import Request.
  Time since last request: 0.000154 seconds.
  path: Assets/Materials/ForestFloor2.mat
  artifactKey: Guid(a289268cf52026040b340d478e08a4a9) Importer(815301076,1909f56bfc062723c751e8b465ee728b)
Start importing Assets/Materials/ForestFloor2.mat using Guid(a289268cf52026040b340d478e08a4a9) Importer(815301076,1909f56bfc062723c751e8b465ee728b)  -> (artifact id: '738b8e219f1af79b8eea1506e6516a24') in 0.068223 seconds 
  Import took 0.071024 seconds .

========================================================================
Received Import Request.
  Time since last request: 0.000143 seconds.
  path: Assets/Materials/Plants1.mat
  artifactKey: Guid(83ae49fbc3b7ef84b853346d38932209) Importer(815301076,1909f56bfc062723c751e8b465ee728b)
Start importing Assets/Materials/Plants1.mat using Guid(83ae49fbc3b7ef84b853346d38932209) Importer(815301076,1909f56bfc062723c751e8b465ee728b)  -> (artifact id: '05ad262b7e7d64936e2262a949c02e29') in 0.413090 seconds 
  Import took 0.415555 seconds .

========================================================================
Received Import Request.
  Time since last request: 0.924620 seconds.
  path: Assets/Models/3dplant_SmallBalsam.obj
  artifactKey: Guid(d3619da886d7be74794ad50ff825c7e6) Importer(815301076,1909f56bfc062723c751e8b465ee728b)
Start importing Assets/Models/3dplant_SmallBalsam.obj using Guid(d3619da886d7be74794ad50ff825c7e6) Importer(815301076,1909f56bfc062723c751e8b465ee728b)  -> (artifact id: 'da5e9fa0e7a984fdfbf026265c28df70') in 0.115623 seconds 
  Import took 0.118487 seconds .

========================================================================
Received Import Request.
  Time since last request: 0.000156 seconds.
  path: Assets/Models/untitled.fbx
  artifactKey: Guid(cb772833dd2bdc144a07691b9086f515) Importer(815301076,1909f56bfc062723c751e8b465ee728b)
Start importing Assets/Models/untitled.fbx using Guid(cb772833dd2bdc144a07691b9086f515) Importer(815301076,1909f56bfc062723c751e8b465ee728b)  -> (artifact id: '08d1ca518268681600a8fd3e2107b836') in 0.033431 seconds 
  Import took 0.036275 seconds .

========================================================================
Received Import Request.
  Time since last request: 0.000143 seconds.
  path: Assets/Models/Tree1.fbx
  artifactKey: Guid(078afc10247cf244eb6c0da88bce29ea) Importer(815301076,1909f56bfc062723c751e8b465ee728b)
Start importing Assets/Models/Tree1.fbx using Guid(078afc10247cf244eb6c0da88bce29ea) Importer(815301076,1909f56bfc062723c751e8b465ee728b)  -> (artifact id: '1519a2be87af70d8e3ef5efb4b31bbed') in 0.033508 seconds 
  Import took 0.035958 seconds .

========================================================================
Received Import Request.
  Time since last request: 5.012066 seconds.
  path: Assets/XR/XRGeneralSettings.asset
  artifactKey: Guid(1a4c68ca72a83449f938d669337cb305) Importer(815301076,1909f56bfc062723c751e8b465ee728b)
Start importing Assets/XR/XRGeneralSettings.asset using Guid(1a4c68ca72a83449f938d669337cb305) Importer(815301076,1909f56bfc062723c751e8b465ee728b)  -> (artifact id: '26fb1fb1d07b0b5664ec4058fbcf091b') in 0.011971 seconds 
  Import took 0.014839 seconds .

========================================================================
Received Import Request.
  Time since last request: 3.307165 seconds.
  path: Assets/Scripts/NatureVRScentController.cs
  artifactKey: Guid(77ed0b7641a2b984a9915502c367eb34) Importer(815301076,1909f56bfc062723c751e8b465ee728b)
Start importing Assets/Scripts/NatureVRScentController.cs using Guid(77ed0b7641a2b984a9915502c367eb34) Importer(815301076,1909f56bfc062723c751e8b465ee728b)  -> (artifact id: '05f17f17813bf43aee73251671773a9b') in 0.016520 seconds 
  Import took 0.019255 seconds .

