Using pre-set license
Built from '2020.3/staging' branch; Version is '2020.3.18f1 (a7d1c678663c) revision 10998214'; Using compiler version '192528614'; Build Type 'Release'
OS: 'Windows 10 Home; OS build 19045.2364; Version 2009; 64bit' Language: 'en' Physical Memory: 15792 MB
BatchMode: 1, IsHumanControllingUs: 0, StartBugReporterOnCrash: 0, Is64bit: 1, IsPro: 0

COMMAND LINE ARGUMENTS:
C:\Program Files\Unity\Hub\Editor\2020.3.18f1\Editor\Unity.exe
-adb2
-batchMode
-noUpm
-name
AssetImportWorker2
-projectPath
C:/Users/ldryo/Documents/GitHub/NatureVr/NatureVRFiles
-logFile
Logs/AssetImportWorker2.log
-srvPort
54555
Successfully changed project path to: C:/Users/ldryo/Documents/GitHub/NatureVr/NatureVRFiles
C:/Users/ldryo/Documents/GitHub/NatureVr/NatureVRFiles
Using Asset Import Pipeline V2.
Refreshing native plugins compatible for Editor in 173.58 ms, found 11 plugins.
Preloading 2 native plugins for Editor in 2.63 ms.
Initialize engine version: 2020.3.18f1 (a7d1c678663c)
[Subsystems] Discovering subsystems at path C:/Program Files/Unity/Hub/Editor/2020.3.18f1/Editor/Data/Resources/UnitySubsystems
[Subsystems] Discovering subsystems at path C:/Users/ldryo/Documents/GitHub/NatureVr/NatureVRFiles/Assets
GfxDevice: creating device client; threaded=0
Direct3D:
    Version:  Direct3D 11.0 [level 11.1]
    Renderer: NVIDIA GeForce RTX 3060 Laptop GPU (ID=0x2520)
    Vendor:   
    VRAM:     6023 MB
    Driver:   30.0.15.1278
Initialize mono
Mono path[0] = 'C:/Program Files/Unity/Hub/Editor/2020.3.18f1/Editor/Data/Managed'
Mono path[1] = 'C:/Program Files/Unity/Hub/Editor/2020.3.18f1/Editor/Data/MonoBleedingEdge/lib/mono/unityjit'
Mono config path = 'C:/Program Files/Unity/Hub/Editor/2020.3.18f1/Editor/Data/MonoBleedingEdge/etc'
Using monoOptions --debugger-agent=transport=dt_socket,embedding=1,server=y,suspend=n,address=127.0.0.1:56272
Begin MonoManager ReloadAssembly
Registering precompiled unity dll's ...
Register platform support module: C:/Program Files/Unity/Hub/Editor/2020.3.18f1/Editor/Data/PlaybackEngines/WindowsStandaloneSupport/UnityEditor.WindowsStandalone.Extensions.dll
Registered in 0.002222 seconds.
Native extension for WindowsStandalone target not found
Refreshing native plugins compatible for Editor in 39.95 ms, found 11 plugins.
Preloading 2 native plugins for Editor in 0.12 ms.
Mono: successfully reloaded assembly
- Completed reload, in  7.562 seconds
Domain Reload Profiling:
	ReloadAssembly (7563ms)
		BeginReloadAssembly (92ms)
			ExecutionOrderSort (0ms)
			DisableScriptedObjects (0ms)
			BackupInstance (0ms)
			ReleaseScriptingObjects (0ms)
			CreateAndSetChildDomain (1ms)
		EndReloadAssembly (364ms)
			LoadAssemblies (88ms)
			RebuildTransferFunctionScriptingTraits (0ms)
			SetupTypeCache (126ms)
			ReleaseScriptCaches (0ms)
			RebuildScriptCaches (21ms)
			SetupLoadedEditorAssemblies (151ms)
				LogAssemblyErrors (0ms)
				InitializePlatformSupportModulesInManaged (3ms)
				SetLoadedEditorAssemblies (0ms)
				RefreshPlugins (40ms)
				BeforeProcessingInitializeOnLoad (12ms)
				ProcessInitializeOnLoadAttributes (72ms)
				ProcessInitializeOnLoadMethodAttributes (24ms)
				AfterProcessingInitializeOnLoad (0ms)
				EditorAssembliesLoaded (0ms)
			ExecutionOrderSort2 (0ms)
			AwakeInstancesAfterBackupRestoration (0ms)
Platform modules already initialized, skipping
Registering precompiled user dll's ...
Registered in 0.006298 seconds.
Begin MonoManager ReloadAssembly
Native extension for WindowsStandalone target not found
Refreshing native plugins compatible for Editor in 0.64 ms, found 11 plugins.
Preloading 2 native plugins for Editor in 0.15 ms.
[XR] OculusXRPlugin: registering subsystems
[XR] Unable to register display lifecyle provider: [1]
[XR] Oculus Input lifecycle provider registered.
[XR] Unable to register input lifecyle provider: [1]
System.Reflection.TargetInvocationException: Exception has been thrown by the target of an invocation. ---> System.NullReferenceException: Object reference not set to an instance of an object
  at Unity.XR.Oculus.OculusLoader.AssetPathToAbsolutePath (System.String assetPath) [0x00048] in C:\Users\ahg95\OneDrive\Dokumente\Year 4\Future Design\NatureVr\NatureVRFiles\Library\PackageCache\com.unity.xr.oculus@1.10.0\Runtime\OculusLoader.cs:250 
  at Unity.XR.Oculus.OculusLoader.EditorLoadOVRPlugin () [0x0007b] in C:\Users\ahg95\OneDrive\Dokumente\Year 4\Future Design\NatureVr\NatureVRFiles\Library\PackageCache\com.unity.xr.oculus@1.10.0\Runtime\OculusLoader.cs:235 
  at (wrapper managed-to-native) System.Reflection.MonoMethod.InternalInvoke(System.Reflection.MonoMethod,object,object[],System.Exception&)
  at System.Reflection.MonoMethod.Invoke (System.Object obj, System.Reflection.BindingFlags invokeAttr, System.Reflection.Binder binder, System.Object[] parameters, System.Globalization.CultureInfo culture) [0x00032] in <695d1cc93cca45069c528c15c9fdd749>:0 
   --- End of inner exception stack trace ---
  at System.Reflection.MonoMethod.Invoke (System.Object obj, System.Reflection.BindingFlags invokeAttr, System.Reflection.Binder binder, System.Object[] parameters, System.Globalization.CultureInfo culture) [0x00048] in <695d1cc93cca45069c528c15c9fdd749>:0 
  at System.Reflection.MethodBase.Invoke (System.Object obj, System.Object[] parameters) [0x00000] in <695d1cc93cca45069c528c15c9fdd749>:0 
  at UnityEditor.EditorAssemblies.ProcessInitializeOnLoadMethodAttributes () [0x00047] in <5ad584e208e14caaa9e6b2e6027e9204>:0 
UnityEngine.StackTraceUtility:ExtractStackTrace ()
UnityEngine.DebugLogHandler:LogFormat (UnityEngine.LogType,UnityEngine.Object,string,object[])
UnityEngine.Logger:Log (UnityEngine.LogType,object)
UnityEngine.Debug:LogError (object)
UnityEditor.EditorAssemblies:ProcessInitializeOnLoadMethodAttributes ()

Mono: successfully reloaded assembly
- Completed reload, in  0.835 seconds
Domain Reload Profiling:
	ReloadAssembly (836ms)
		BeginReloadAssembly (121ms)
			ExecutionOrderSort (0ms)
			DisableScriptedObjects (4ms)
			BackupInstance (0ms)
			ReleaseScriptingObjects (0ms)
			CreateAndSetChildDomain (19ms)
		EndReloadAssembly (662ms)
			LoadAssemblies (78ms)
			RebuildTransferFunctionScriptingTraits (0ms)
			SetupTypeCache (201ms)
			ReleaseScriptCaches (0ms)
			RebuildScriptCaches (31ms)
			SetupLoadedEditorAssemblies (287ms)
				LogAssemblyErrors (0ms)
				InitializePlatformSupportModulesInManaged (4ms)
				SetLoadedEditorAssemblies (0ms)
				RefreshPlugins (1ms)
				BeforeProcessingInitializeOnLoad (74ms)
				ProcessInitializeOnLoadAttributes (190ms)
				ProcessInitializeOnLoadMethodAttributes (13ms)
				AfterProcessingInitializeOnLoad (5ms)
				EditorAssembliesLoaded (0ms)
			ExecutionOrderSort2 (0ms)
			AwakeInstancesAfterBackupRestoration (4ms)
Platform modules already initialized, skipping
========================================================================
Worker process is ready to serve import requests
Launched and connected shader compiler UnityShaderCompiler.exe after 0.04 seconds
Refreshing native plugins compatible for Editor in 0.57 ms, found 11 plugins.
Preloading 2 native plugins for Editor in 0.13 ms.
Unloading 1875 Unused Serialized files (Serialized files now loaded: 0)
System memory in use before: 93.0 MB.
System memory in use after: 93.1 MB.

Unloading 20 unused Assets to reduce memory usage. Loaded Objects now: 2326.
Total: 2.597700 ms (FindLiveObjects: 0.167300 ms CreateObjectMapping: 0.046100 ms MarkObjects: 2.311200 ms  DeleteObjects: 0.071000 ms)

AssetImportParameters requested are different than current active one (requested -> active):
  custom:framework-win-MediaFoundation: 216162199b28c13a410421893ffa2e32 -> 
  custom:video-decoder-ogg-theora: a1e56fd34408186e4bbccfd4996cb3dc -> 
  custom:container-muxer-webm: aa71ff27fc2769a1b78a27578f13a17b -> 
  custom:container-demuxer-webm: 4f35f7cbe854078d1ac9338744f61a02 -> 
  custom:container-demuxer-ogg: 62fdf1f143b41e24485cea50d1cbac27 -> 
  custom:video-encoder-webm-vp8: eb34c28f22e8b96e1ab97ce403110664 -> 
  custom:video-decoder-webm-vp8: 9c59270c3fd7afecdb556c50c9e8de78 -> 
  custom:audio-decoder-ogg-vorbis: bf7c407c2cedff20999df2af8eb42d56 -> 
  custom:audio-encoder-webm-vorbis: bf7c407c2cedff20999df2af8eb42d56 -> 
========================================================================
Received Import Request.
  path: Assets/Prefabs/trees/cedartree2.prefab
  artifactKey: Guid(758b882c3b23c71459a4ef637a597a4f) Importer(815301076,1909f56bfc062723c751e8b465ee728b)
Start importing Assets/Prefabs/trees/cedartree2.prefab using Guid(758b882c3b23c71459a4ef637a597a4f) Importer(815301076,1909f56bfc062723c751e8b465ee728b)  -> (artifact id: 'b78f9d76906a1ffd91d417ff97e457f7') in 0.165913 seconds 
  Import took 0.168689 seconds .

========================================================================
Received Import Request.
  Time since last request: 0.000210 seconds.
  path: Assets/Prefabs/trees/cedartree3.prefab
  artifactKey: Guid(b3c7a500c393cb4419f4b723b72b2d1e) Importer(815301076,1909f56bfc062723c751e8b465ee728b)
Start importing Assets/Prefabs/trees/cedartree3.prefab using Guid(b3c7a500c393cb4419f4b723b72b2d1e) Importer(815301076,1909f56bfc062723c751e8b465ee728b)  -> (artifact id: '12afe0170ed50f003af8475b3d89c1f9') in 0.046344 seconds 
  Import took 0.048773 seconds .

========================================================================
Received Import Request.
  Time since last request: 0.000210 seconds.
  path: Assets/Prefabs/trees/cedartree1.prefab
  artifactKey: Guid(789c009e9337d394ab8d52bc52e25677) Importer(815301076,1909f56bfc062723c751e8b465ee728b)
Start importing Assets/Prefabs/trees/cedartree1.prefab using Guid(789c009e9337d394ab8d52bc52e25677) Importer(815301076,1909f56bfc062723c751e8b465ee728b)  -> (artifact id: 'b59074aec29f40fac2f774c47feefca6') in 0.053931 seconds 
  Import took 0.056811 seconds .

========================================================================
Received Import Request.
  Time since last request: 7.390516 seconds.
  path: Assets/Prefabs/trees/cedartree2.prefab
  artifactKey: Guid(758b882c3b23c71459a4ef637a597a4f) Importer(815301076,1909f56bfc062723c751e8b465ee728b)
Start importing Assets/Prefabs/trees/cedartree2.prefab using Guid(758b882c3b23c71459a4ef637a597a4f) Importer(815301076,1909f56bfc062723c751e8b465ee728b)  -> (artifact id: '23f981eea35453003f1dca1c3cc6c1ce') in 0.064030 seconds 
  Import took 0.068702 seconds .

========================================================================
Received Import Request.
  Time since last request: 2.996313 seconds.
  path: Assets/Prefabs/trees/cedartree2.prefab
  artifactKey: Guid(758b882c3b23c71459a4ef637a597a4f) Importer(815301076,1909f56bfc062723c751e8b465ee728b)
Start importing Assets/Prefabs/trees/cedartree2.prefab using Guid(758b882c3b23c71459a4ef637a597a4f) Importer(815301076,1909f56bfc062723c751e8b465ee728b)  -> (artifact id: '189bd6e6ba7c5bf41d30d568da348873') in 0.055054 seconds 
  Import took 0.059489 seconds .

========================================================================
Received Import Request.
  Time since last request: 4.206247 seconds.
  path: Assets/Prefabs/trees/cedartree2.prefab
  artifactKey: Guid(758b882c3b23c71459a4ef637a597a4f) Importer(815301076,1909f56bfc062723c751e8b465ee728b)
Start importing Assets/Prefabs/trees/cedartree2.prefab using Guid(758b882c3b23c71459a4ef637a597a4f) Importer(815301076,1909f56bfc062723c751e8b465ee728b)  -> (artifact id: '3f5a0b64aa24ae677e46e7dfd9272eea') in 0.047090 seconds 
  Import took 0.050652 seconds .

========================================================================
Received Import Request.
  Time since last request: 4.385553 seconds.
  path: Assets/Prefabs/trees/cedartree2.prefab
  artifactKey: Guid(758b882c3b23c71459a4ef637a597a4f) Importer(815301076,1909f56bfc062723c751e8b465ee728b)
Start importing Assets/Prefabs/trees/cedartree2.prefab using Guid(758b882c3b23c71459a4ef637a597a4f) Importer(815301076,1909f56bfc062723c751e8b465ee728b)  -> (artifact id: '7ef9f997422d426a215a5327530f8984') in 0.063685 seconds 
  Import took 0.068356 seconds .

========================================================================
Received Import Request.
  Time since last request: 0.748674 seconds.
  path: Assets/Prefabs/trees/cedartree2.prefab
  artifactKey: Guid(758b882c3b23c71459a4ef637a597a4f) Importer(815301076,1909f56bfc062723c751e8b465ee728b)
Start importing Assets/Prefabs/trees/cedartree2.prefab using Guid(758b882c3b23c71459a4ef637a597a4f) Importer(815301076,1909f56bfc062723c751e8b465ee728b)  -> (artifact id: '85935510aef9ff1012c6e537f1cc827a') in 0.060055 seconds 
  Import took 0.064775 seconds .

========================================================================
Received Import Request.
  Time since last request: 1.554472 seconds.
  path: Assets/Prefabs/trees/cedartree2.prefab
  artifactKey: Guid(758b882c3b23c71459a4ef637a597a4f) Importer(815301076,1909f56bfc062723c751e8b465ee728b)
Start importing Assets/Prefabs/trees/cedartree2.prefab using Guid(758b882c3b23c71459a4ef637a597a4f) Importer(815301076,1909f56bfc062723c751e8b465ee728b)  -> (artifact id: 'd66d4595de2b34dca6c6d18f83f4fe06') in 0.059282 seconds 
  Import took 0.064489 seconds .

========================================================================
Received Import Request.
  Time since last request: 11.691919 seconds.
  path: Assets/Prefabs/trees/cedartree2.prefab
  artifactKey: Guid(758b882c3b23c71459a4ef637a597a4f) Importer(815301076,1909f56bfc062723c751e8b465ee728b)
Start importing Assets/Prefabs/trees/cedartree2.prefab using Guid(758b882c3b23c71459a4ef637a597a4f) Importer(815301076,1909f56bfc062723c751e8b465ee728b)  -> (artifact id: 'dde773d105e80422c8a7976ba41ff6f1') in 0.060990 seconds 
  Import took 0.066036 seconds .

========================================================================
Received Import Request.
  Time since last request: 12.091855 seconds.
  path: Assets/Prefabs/trees/cedartree3.prefab
  artifactKey: Guid(b3c7a500c393cb4419f4b723b72b2d1e) Importer(815301076,1909f56bfc062723c751e8b465ee728b)
Start importing Assets/Prefabs/trees/cedartree3.prefab using Guid(b3c7a500c393cb4419f4b723b72b2d1e) Importer(815301076,1909f56bfc062723c751e8b465ee728b)  -> (artifact id: '93b43b800074825a36f45091b3c2287f') in 0.054238 seconds 
  Import took 0.059570 seconds .

========================================================================
Received Import Request.
  Time since last request: 3.348589 seconds.
  path: Assets/Prefabs/trees/cedartree3.prefab
  artifactKey: Guid(b3c7a500c393cb4419f4b723b72b2d1e) Importer(815301076,1909f56bfc062723c751e8b465ee728b)
Start importing Assets/Prefabs/trees/cedartree3.prefab using Guid(b3c7a500c393cb4419f4b723b72b2d1e) Importer(815301076,1909f56bfc062723c751e8b465ee728b)  -> (artifact id: 'c5829a49cf60773d9dd53c2753b1d879') in 0.061705 seconds 
  Import took 0.066873 seconds .

========================================================================
Received Import Request.
  Time since last request: 1.996407 seconds.
  path: Assets/Prefabs/trees/cedartree3.prefab
  artifactKey: Guid(b3c7a500c393cb4419f4b723b72b2d1e) Importer(815301076,1909f56bfc062723c751e8b465ee728b)
Start importing Assets/Prefabs/trees/cedartree3.prefab using Guid(b3c7a500c393cb4419f4b723b72b2d1e) Importer(815301076,1909f56bfc062723c751e8b465ee728b)  -> (artifact id: '22137088d93d4855528575cea50fe147') in 0.053714 seconds 
  Import took 0.058736 seconds .

========================================================================
Received Import Request.
  Time since last request: 22.558768 seconds.
  path: Assets/Prefabs/trees/cedartree3.prefab
  artifactKey: Guid(b3c7a500c393cb4419f4b723b72b2d1e) Importer(815301076,1909f56bfc062723c751e8b465ee728b)
Start importing Assets/Prefabs/trees/cedartree3.prefab using Guid(b3c7a500c393cb4419f4b723b72b2d1e) Importer(815301076,1909f56bfc062723c751e8b465ee728b)  -> (artifact id: '3be262c8ab01fc425164717d0e1c84bf') in 0.065874 seconds 
  Import took 0.070810 seconds .

========================================================================
Received Import Request.
  Time since last request: 0.534184 seconds.
  path: Assets/Prefabs/trees/cedartree3.prefab
  artifactKey: Guid(b3c7a500c393cb4419f4b723b72b2d1e) Importer(815301076,1909f56bfc062723c751e8b465ee728b)
Start importing Assets/Prefabs/trees/cedartree3.prefab using Guid(b3c7a500c393cb4419f4b723b72b2d1e) Importer(815301076,1909f56bfc062723c751e8b465ee728b)  -> (artifact id: '949d76d743aa0fb816a4112c1772e6fe') in 0.061985 seconds 
  Import took 0.067042 seconds .

========================================================================
Received Import Request.
  Time since last request: 1.748679 seconds.
  path: Assets/Prefabs/trees/cedartree3.prefab
  artifactKey: Guid(b3c7a500c393cb4419f4b723b72b2d1e) Importer(815301076,1909f56bfc062723c751e8b465ee728b)
Start importing Assets/Prefabs/trees/cedartree3.prefab using Guid(b3c7a500c393cb4419f4b723b72b2d1e) Importer(815301076,1909f56bfc062723c751e8b465ee728b)  -> (artifact id: '8efc26e43f184b06f73a0780c69054c6') in 0.060100 seconds 
  Import took 0.065113 seconds .

========================================================================
Received Import Request.
  Time since last request: 12.072049 seconds.
  path: Assets/Prefabs/trees/cedartree3.prefab
  artifactKey: Guid(b3c7a500c393cb4419f4b723b72b2d1e) Importer(815301076,1909f56bfc062723c751e8b465ee728b)
Start importing Assets/Prefabs/trees/cedartree3.prefab using Guid(b3c7a500c393cb4419f4b723b72b2d1e) Importer(815301076,1909f56bfc062723c751e8b465ee728b)  -> (artifact id: 'd52051667f4be4b36fc946ea8bc07442') in 0.060971 seconds 
  Import took 0.066143 seconds .

========================================================================
Received Import Request.
  Time since last request: 10.821552 seconds.
  path: Assets/Prefabs/trees/cedartree3.prefab
  artifactKey: Guid(b3c7a500c393cb4419f4b723b72b2d1e) Importer(815301076,1909f56bfc062723c751e8b465ee728b)
Start importing Assets/Prefabs/trees/cedartree3.prefab using Guid(b3c7a500c393cb4419f4b723b72b2d1e) Importer(815301076,1909f56bfc062723c751e8b465ee728b)  -> (artifact id: '8348f247654767d24f6260728bbeceb1') in 0.063060 seconds 
  Import took 0.068264 seconds .

========================================================================
Received Import Request.
  Time since last request: 3.971232 seconds.
  path: Assets/Prefabs/trees/cedartree3.prefab
  artifactKey: Guid(b3c7a500c393cb4419f4b723b72b2d1e) Importer(815301076,1909f56bfc062723c751e8b465ee728b)
Start importing Assets/Prefabs/trees/cedartree3.prefab using Guid(b3c7a500c393cb4419f4b723b72b2d1e) Importer(815301076,1909f56bfc062723c751e8b465ee728b)  -> (artifact id: '6cd66197511dbb41be923606c2278728') in 0.059115 seconds 
  Import took 0.064095 seconds .

========================================================================
Received Import Request.
  Time since last request: 8.815715 seconds.
  path: Assets/Prefabs/trees/cedartree3.prefab
  artifactKey: Guid(b3c7a500c393cb4419f4b723b72b2d1e) Importer(815301076,1909f56bfc062723c751e8b465ee728b)
Start importing Assets/Prefabs/trees/cedartree3.prefab using Guid(b3c7a500c393cb4419f4b723b72b2d1e) Importer(815301076,1909f56bfc062723c751e8b465ee728b)  -> (artifact id: '9bae88f36a6ab1366d168b686891baf0') in 0.060449 seconds 
  Import took 0.065379 seconds .

========================================================================
Received Import Request.
  Time since last request: 6.428170 seconds.
  path: Assets/Prefabs/trees/cedartree2.prefab
  artifactKey: Guid(758b882c3b23c71459a4ef637a597a4f) Importer(815301076,1909f56bfc062723c751e8b465ee728b)
Start importing Assets/Prefabs/trees/cedartree2.prefab using Guid(758b882c3b23c71459a4ef637a597a4f) Importer(815301076,1909f56bfc062723c751e8b465ee728b)  -> (artifact id: '3f3e2fe52c305a16042bf878a4f4552a') in 0.060230 seconds 
  Import took 0.065370 seconds .

========================================================================
Received Import Request.
  Time since last request: 7.434583 seconds.
  path: Assets/Prefabs/trees/cedartree2.prefab
  artifactKey: Guid(758b882c3b23c71459a4ef637a597a4f) Importer(815301076,1909f56bfc062723c751e8b465ee728b)
Start importing Assets/Prefabs/trees/cedartree2.prefab using Guid(758b882c3b23c71459a4ef637a597a4f) Importer(815301076,1909f56bfc062723c751e8b465ee728b)  -> (artifact id: '97e28998a193d4e651101b3cf38c5e96') in 0.057544 seconds 
  Import took 0.062633 seconds .

========================================================================
Received Import Request.
  Time since last request: 2.761236 seconds.
  path: Assets/Prefabs/trees/cedartree2.prefab
  artifactKey: Guid(758b882c3b23c71459a4ef637a597a4f) Importer(815301076,1909f56bfc062723c751e8b465ee728b)
Start importing Assets/Prefabs/trees/cedartree2.prefab using Guid(758b882c3b23c71459a4ef637a597a4f) Importer(815301076,1909f56bfc062723c751e8b465ee728b)  -> (artifact id: 'c48398a644e3dbd781485f5c26faf944') in 0.067327 seconds 
  Import took 0.072437 seconds .

========================================================================
Received Import Request.
  Time since last request: 2.559215 seconds.
  path: Assets/Prefabs/trees/cedartree2.prefab
  artifactKey: Guid(758b882c3b23c71459a4ef637a597a4f) Importer(815301076,1909f56bfc062723c751e8b465ee728b)
Start importing Assets/Prefabs/trees/cedartree2.prefab using Guid(758b882c3b23c71459a4ef637a597a4f) Importer(815301076,1909f56bfc062723c751e8b465ee728b)  -> (artifact id: 'e613c4a4e1c565c0317cf97558677e97') in 0.059383 seconds 
  Import took 0.064581 seconds .

========================================================================
Received Import Request.
  Time since last request: 11.856726 seconds.
  path: Assets/Prefabs/trees/cedartree1.prefab
  artifactKey: Guid(789c009e9337d394ab8d52bc52e25677) Importer(815301076,1909f56bfc062723c751e8b465ee728b)
Start importing Assets/Prefabs/trees/cedartree1.prefab using Guid(789c009e9337d394ab8d52bc52e25677) Importer(815301076,1909f56bfc062723c751e8b465ee728b)  -> (artifact id: '001eff03a9be055a504d83dacc96786b') in 0.051679 seconds 
  Import took 0.056740 seconds .

========================================================================
Received Import Request.
  Time since last request: 4.983721 seconds.
  path: Assets/Prefabs/trees/cedartree1.prefab
  artifactKey: Guid(789c009e9337d394ab8d52bc52e25677) Importer(815301076,1909f56bfc062723c751e8b465ee728b)
Start importing Assets/Prefabs/trees/cedartree1.prefab using Guid(789c009e9337d394ab8d52bc52e25677) Importer(815301076,1909f56bfc062723c751e8b465ee728b)  -> (artifact id: '8a378801591b4e2d4b86a42fb7cce2a3') in 0.053365 seconds 
  Import took 0.058750 seconds .

========================================================================
Received Import Request.
  Time since last request: 3.364724 seconds.
  path: Assets/Prefabs/trees/cedartree1.prefab
  artifactKey: Guid(789c009e9337d394ab8d52bc52e25677) Importer(815301076,1909f56bfc062723c751e8b465ee728b)
Start importing Assets/Prefabs/trees/cedartree1.prefab using Guid(789c009e9337d394ab8d52bc52e25677) Importer(815301076,1909f56bfc062723c751e8b465ee728b)  -> (artifact id: '04ed5b56a48dc94620e5014d8bdbf849') in 0.055792 seconds 
  Import took 0.061064 seconds .

========================================================================
Received Import Request.
  Time since last request: 2.362546 seconds.
  path: Assets/Prefabs/trees/cedartree1.prefab
  artifactKey: Guid(789c009e9337d394ab8d52bc52e25677) Importer(815301076,1909f56bfc062723c751e8b465ee728b)
Start importing Assets/Prefabs/trees/cedartree1.prefab using Guid(789c009e9337d394ab8d52bc52e25677) Importer(815301076,1909f56bfc062723c751e8b465ee728b)  -> (artifact id: '0316ebbfe504f021d9c63c345e288da4') in 0.059794 seconds 
  Import took 0.065030 seconds .

========================================================================
Received Import Request.
  Time since last request: 808.976878 seconds.
  path: Assets/Materials/NewLayer.terrainlayer
  artifactKey: Guid(069d93ef36592254b8fc862f8bc45c2d) Importer(815301076,1909f56bfc062723c751e8b465ee728b)
Start importing Assets/Materials/NewLayer.terrainlayer using Guid(069d93ef36592254b8fc862f8bc45c2d) Importer(815301076,1909f56bfc062723c751e8b465ee728b)  -> (artifact id: 'c3b79328a17eb4ef4a3f973210276bd1') in 0.099939 seconds 
  Import took 0.105249 seconds .

========================================================================
Received Import Request.
  Time since last request: 296.289822 seconds.
  path: Assets/Prefabs/plants/Fern.prefab
  artifactKey: Guid(4ccb0c186d0829f4d8b655a391e2161e) Importer(815301076,1909f56bfc062723c751e8b465ee728b)
Start importing Assets/Prefabs/plants/Fern.prefab using Guid(4ccb0c186d0829f4d8b655a391e2161e) Importer(815301076,1909f56bfc062723c751e8b465ee728b)  -> (artifact id: 'b5038c985ab7b30d7662bd1bd1166d33') in 0.032129 seconds 
  Import took 0.037949 seconds .

========================================================================
Received Import Request.
  Time since last request: 0.667893 seconds.
  path: Assets/Prefabs/plants/Fern.prefab
  artifactKey: Guid(4ccb0c186d0829f4d8b655a391e2161e) Importer(815301076,1909f56bfc062723c751e8b465ee728b)
Start importing Assets/Prefabs/plants/Fern.prefab using Guid(4ccb0c186d0829f4d8b655a391e2161e) Importer(815301076,1909f56bfc062723c751e8b465ee728b)  -> (artifact id: 'bad11818106715c2f7431a7b13c67253') in 0.024513 seconds 
  Import took 0.029487 seconds .

========================================================================
Received Import Request.
  Time since last request: 3.387466 seconds.
  path: Assets/Prefabs/plants/Fern.prefab
  artifactKey: Guid(4ccb0c186d0829f4d8b655a391e2161e) Importer(815301076,1909f56bfc062723c751e8b465ee728b)
Start importing Assets/Prefabs/plants/Fern.prefab using Guid(4ccb0c186d0829f4d8b655a391e2161e) Importer(815301076,1909f56bfc062723c751e8b465ee728b)  -> (artifact id: '42e497abf97727ce73f88add543a4b83') in 0.018658 seconds 
  Import took 0.022412 seconds .

========================================================================
Received Import Request.
  Time since last request: 729.939531 seconds.
  path: Assets/Prefabs/plants/3dplant_SmallBalsam_01.prefab
  artifactKey: Guid(e95defca6b79c084f908ff68524fc3c3) Importer(815301076,1909f56bfc062723c751e8b465ee728b)
Start importing Assets/Prefabs/plants/3dplant_SmallBalsam_01.prefab using Guid(e95defca6b79c084f908ff68524fc3c3) Importer(815301076,1909f56bfc062723c751e8b465ee728b)  -> (artifact id: 'eeb2d242b7fb90fe16a7156b366b7d50') in 0.358132 seconds 
  Import took 0.363560 seconds .

========================================================================
Received Import Request.
  Time since last request: 1.875428 seconds.
  path: Assets/Prefabs/plants/3dplant_SmallBalsam_02.prefab
  artifactKey: Guid(e86f8c6ccc0a15a44ab3a664b739d8f3) Importer(815301076,1909f56bfc062723c751e8b465ee728b)
Start importing Assets/Prefabs/plants/3dplant_SmallBalsam_02.prefab using Guid(e86f8c6ccc0a15a44ab3a664b739d8f3) Importer(815301076,1909f56bfc062723c751e8b465ee728b)  -> (artifact id: 'e1e019a1c4c0fbf927ea7d5f2a3140b2') in 0.253731 seconds 
  Import took 0.258616 seconds .

========================================================================
Received Import Request.
  Time since last request: 1.696065 seconds.
  path: Assets/Prefabs/plants/3dplant_SmallBalsam_03.prefab
  artifactKey: Guid(b79f46ad62969f34ebea3960496b932e) Importer(815301076,1909f56bfc062723c751e8b465ee728b)
Start importing Assets/Prefabs/plants/3dplant_SmallBalsam_03.prefab using Guid(b79f46ad62969f34ebea3960496b932e) Importer(815301076,1909f56bfc062723c751e8b465ee728b)  -> (artifact id: 'c242e17cfc45a079592918ba0272e08a') in 0.277134 seconds 
  Import took 0.282101 seconds .

========================================================================
Received Import Request.
  Time since last request: 1.276346 seconds.
  path: Assets/Prefabs/plants/3dplant_SmallBalsam_04.prefab
  artifactKey: Guid(6e9bc446c0e0c3a46bbac01e898b0ad3) Importer(815301076,1909f56bfc062723c751e8b465ee728b)
Start importing Assets/Prefabs/plants/3dplant_SmallBalsam_04.prefab using Guid(6e9bc446c0e0c3a46bbac01e898b0ad3) Importer(815301076,1909f56bfc062723c751e8b465ee728b)  -> (artifact id: 'b13b706c492a68f23f1e1fc09bc73a9b') in 0.256990 seconds 
  Import took 0.262029 seconds .

========================================================================
Received Import Request.
  Time since last request: 1.582729 seconds.
  path: Assets/Prefabs/plants/3dplant_SmallBalsam_05.prefab
  artifactKey: Guid(8e7f4076e7dbde14382f711a7b446e19) Importer(815301076,1909f56bfc062723c751e8b465ee728b)
Start importing Assets/Prefabs/plants/3dplant_SmallBalsam_05.prefab using Guid(8e7f4076e7dbde14382f711a7b446e19) Importer(815301076,1909f56bfc062723c751e8b465ee728b)  -> (artifact id: '0b0d77d10e8a69e8d75238008e20b6ec') in 0.243367 seconds 
  Import took 0.248510 seconds .

========================================================================
Received Import Request.
  Time since last request: 1.456411 seconds.
  path: Assets/Prefabs/plants/3dplant_SmallBalsam_06.prefab
  artifactKey: Guid(01ff73435b2699e42a94019e8eb3d45a) Importer(815301076,1909f56bfc062723c751e8b465ee728b)
Start importing Assets/Prefabs/plants/3dplant_SmallBalsam_06.prefab using Guid(01ff73435b2699e42a94019e8eb3d45a) Importer(815301076,1909f56bfc062723c751e8b465ee728b)  -> (artifact id: '2d2d7dd726bb9e0fbfd2c1a3ee50f863') in 0.233444 seconds 
  Import took 0.238280 seconds .

========================================================================
Received Import Request.
  Time since last request: 102.829947 seconds.
  path: Assets/Prefabs/plants/3dplant_SmallBalsam_05.prefab
  artifactKey: Guid(8e7f4076e7dbde14382f711a7b446e19) Importer(815301076,1909f56bfc062723c751e8b465ee728b)
Start importing Assets/Prefabs/plants/3dplant_SmallBalsam_05.prefab using Guid(8e7f4076e7dbde14382f711a7b446e19) Importer(815301076,1909f56bfc062723c751e8b465ee728b)  -> (artifact id: '8ffbd9438a6a3fe8ea63f010df085799') in 0.226371 seconds 
  Import took 0.231462 seconds .

========================================================================
Received Import Request.
  Time since last request: 2.371920 seconds.
  path: Assets/Prefabs/plants/3dplant_SmallBalsam_05.prefab
  artifactKey: Guid(8e7f4076e7dbde14382f711a7b446e19) Importer(815301076,1909f56bfc062723c751e8b465ee728b)
Start importing Assets/Prefabs/plants/3dplant_SmallBalsam_05.prefab using Guid(8e7f4076e7dbde14382f711a7b446e19) Importer(815301076,1909f56bfc062723c751e8b465ee728b)  -> (artifact id: '008760959455f8fbb0c49fd0909542b4') in 0.231296 seconds 
  Import took 0.236210 seconds .

========================================================================
Received Import Request.
  Time since last request: 327.633752 seconds.
  path: Assets/Prefabs/plants/3dplant_SmallBalsam_01.prefab
  artifactKey: Guid(e95defca6b79c084f908ff68524fc3c3) Importer(815301076,1909f56bfc062723c751e8b465ee728b)
Start importing Assets/Prefabs/plants/3dplant_SmallBalsam_01.prefab using Guid(e95defca6b79c084f908ff68524fc3c3) Importer(815301076,1909f56bfc062723c751e8b465ee728b)  -> (artifact id: '7c2c14485165c5d4348921286df55b66') in 0.245512 seconds 
  Import took 0.250832 seconds .

========================================================================
Received Import Request.
  Time since last request: 53.304172 seconds.
  path: Assets/Prefabs/plants/3dplant_SmallBalsam_05.prefab
  artifactKey: Guid(8e7f4076e7dbde14382f711a7b446e19) Importer(815301076,1909f56bfc062723c751e8b465ee728b)
Start importing Assets/Prefabs/plants/3dplant_SmallBalsam_05.prefab using Guid(8e7f4076e7dbde14382f711a7b446e19) Importer(815301076,1909f56bfc062723c751e8b465ee728b)  -> (artifact id: 'f497afdcb59b09084f3efd91577f14c5') in 0.231718 seconds 
  Import took 0.236998 seconds .

========================================================================
Received Import Request.
  Time since last request: 2.980879 seconds.
  path: Assets/Prefabs/plants/3dplant_SmallBalsam_05.prefab
  artifactKey: Guid(8e7f4076e7dbde14382f711a7b446e19) Importer(815301076,1909f56bfc062723c751e8b465ee728b)
Start importing Assets/Prefabs/plants/3dplant_SmallBalsam_05.prefab using Guid(8e7f4076e7dbde14382f711a7b446e19) Importer(815301076,1909f56bfc062723c751e8b465ee728b)  -> (artifact id: '09e20b0c259873477afbb69700042b43') in 0.221824 seconds 
  Import took 0.227432 seconds .

AssetImportWorkerClient::OnTransportError - code=2 error=End of file
